<?xml version="1.0" encoding="UTF-8"?>
<!-- Generated by org.testng.reporters.JUnitReportReporter -->
<testsuite hostname="TDS-5CG1075Y48" failures="0" tests="2" name="dataPackage.FaxSentData" time="9.168" errors="0" timestamp="2023-10-20T09:14:49 IST" skipped="0">
  <testcase classname="dataPackage.FaxSentData" name="readdata" time="1.772"/>
  <system-out/>
  <testcase classname="dataPackage.FaxSentData" name="server_auth" time="7.396"/>
  <system-out/>
</testsuite> <!-- dataPackage.FaxSentData -->
