<?xml version="1.0" encoding="UTF-8"?>
<!-- Generated by org.testng.reporters.JUnitReportReporter -->
<testsuite hostname="TDS-5CG1075Y7F" failures="0" tests="4" name="testPackage.SocialHistoryFunctionality" time="185.575" errors="0" timestamp="2022-04-13T11:45:20 IST" skipped="0">
  <testcase classname="testPackage.SocialHistoryFunctionality" name="readdata" time="1.270"/>
  <system-out/>
  <testcase classname="testPackage.SocialHistoryFunctionality" name="server_auth" time="6.040"/>
  <system-out/>
  <testcase classname="testPackage.SocialHistoryFunctionality" name="loginModule" time="7.623"/>
  <system-out/>
  <testcase classname="testPackage.SocialHistoryFunctionality" name="socialHistoryClinicalModule" time="170.642"/>
  <system-out/>
</testsuite> <!-- testPackage.SocialHistoryFunctionality -->
