<?xml version="1.0" encoding="UTF-8"?>
<!-- Generated by org.testng.reporters.JUnitReportReporter -->
<testsuite hostname="TDS-5CG1075XXJ" failures="0" tests="6" name="testPackage.ServicePreferenceFunctionality" time="68.063" errors="0" timestamp="2023-07-28T16:04:06 IST" skipped="0">
  <testcase classname="testPackage.ServicePreferenceFunctionality" name="readdata" time="1.258"/>
  <system-out/>
  <testcase classname="testPackage.ServicePreferenceFunctionality" name="server_auth" time="7.431"/>
  <system-out/>
  <testcase classname="testPackage.ServicePreferenceFunctionality" name="loginModule" time="3.910"/>
  <system-out/>
  <testcase classname="testPackage.ServicePreferenceFunctionality" name="patientModule" time="0.011"/>
  <system-out/>
  <testcase classname="testPackage.ServicePreferenceFunctionality" name="payorInsuranceModule" time="0.064"/>
  <system-out/>
  <testcase classname="testPackage.ServicePreferenceFunctionality" name="ServicePreferenceModule" time="55.389"/>
  <system-out/>
</testsuite> <!-- testPackage.ServicePreferenceFunctionality -->
