<?xml version="1.0" encoding="UTF-8"?>
<!-- Generated by org.testng.reporters.JUnitReportReporter -->
<testsuite hostname="TDS-5CG1075Y48" failures="0" tests="3" name="testPackage.LoginFunctionality" time="34.586" errors="0" timestamp="2023-10-18T16:35:17 IST" skipped="0">
  <testcase classname="testPackage.LoginFunctionality" name="readdata" time="2.312"/>
  <system-out/>
  <testcase classname="testPackage.LoginFunctionality" name="server_auth" time="6.907"/>
  <system-out/>
  <testcase classname="testPackage.LoginFunctionality" name="loginModule" time="25.367"/>
  <system-out/>
</testsuite> <!-- testPackage.LoginFunctionality -->
