<?xml version="1.0" encoding="UTF-8"?>
<!-- Generated by org.testng.reporters.JUnitReportReporter -->
<testsuite hostname="TDS-5CG1075XXJ" failures="0" tests="10" name="testPackage.PreBIFunctionality" time="76.499" errors="0" timestamp="2023-08-22T11:35:44 IST" skipped="0">
  <testcase classname="testPackage.PreBIFunctionality" name="readdata" time="1.218"/>
  <system-out/>
  <testcase classname="testPackage.PreBIFunctionality" name="server_auth" time="7.024"/>
  <system-out/>
  <testcase classname="testPackage.PreBIFunctionality" name="loginModule" time="3.597"/>
  <system-out/>
  <testcase classname="testPackage.PreBIFunctionality" name="patientModule" time="0.009"/>
  <system-out/>
  <testcase classname="testPackage.PreBIFunctionality" name="payorInsuranceModule" time="0.009"/>
  <system-out/>
  <testcase classname="testPackage.PreBIFunctionality" name="ServicePreferenceModule" time="0.003"/>
  <system-out/>
  <testcase classname="testPackage.PreBIFunctionality" name="AddCaseModule" time="0.001"/>
  <system-out/>
  <testcase classname="testPackage.PreBIFunctionality" name="AddPrescription" time="0.007"/>
  <system-out/>
  <testcase classname="testPackage.PreBIFunctionality" name="caseBannerModule" time="0.001"/>
  <system-out/>
  <testcase classname="testPackage.PreBIFunctionality" name="preBIModule" time="64.630"/>
  <system-out/>
</testsuite> <!-- testPackage.PreBIFunctionality -->
