<?xml version="1.0" encoding="UTF-8"?>
<!-- Generated by org.testng.reporters.JUnitReportReporter -->
<testsuite hostname="TDS-5CG1075Y7F" failures="0" tests="4" name="testPackage.LabsFunctionality" time="179.038" errors="0" timestamp="2022-04-13T11:12:37 IST" skipped="0">
  <testcase classname="testPackage.LabsFunctionality" name="readdata" time="1.262"/>
  <system-out/>
  <testcase classname="testPackage.LabsFunctionality" name="server_auth" time="6.143"/>
  <system-out/>
  <testcase classname="testPackage.LabsFunctionality" name="loginModule" time="7.852"/>
  <system-out/>
  <testcase classname="testPackage.LabsFunctionality" name="labsClinicalModule" time="163.781"/>
  <system-out/>
</testsuite> <!-- testPackage.LabsFunctionality -->
