<?xml version="1.0" encoding="UTF-8"?>
<!-- Generated by org.testng.reporters.JUnitReportReporter -->
<testsuite hostname="TDS-5CG1075XXJ" failures="0" tests="8" name="testPackage.AddConsentFunctionality" time="324.375" errors="0" timestamp="2023-08-01T16:15:16 IST" skipped="0">
  <testcase classname="testPackage.AddConsentFunctionality" name="readdata" time="1.325"/>
  <system-out/>
  <testcase classname="testPackage.AddConsentFunctionality" name="server_auth" time="9.028"/>
  <system-out/>
  <testcase classname="testPackage.AddConsentFunctionality" name="loginModule" time="5.799"/>
  <system-out/>
  <testcase classname="testPackage.AddConsentFunctionality" name="patientModule" time="53.579"/>
  <system-out/>
  <testcase classname="testPackage.AddConsentFunctionality" name="payorInsuranceModule" time="0.064"/>
  <system-out/>
  <testcase classname="testPackage.AddConsentFunctionality" name="ServicePreferenceModule" time="46.728"/>
  <system-out/>
  <testcase classname="testPackage.AddConsentFunctionality" name="AddCaseModule" time="66.250"/>
  <system-out/>
  <testcase classname="testPackage.AddConsentFunctionality" name="AddConsentModule" time="141.602"/>
  <system-out/>
</testsuite> <!-- testPackage.AddConsentFunctionality -->
