<?xml version="1.0" encoding="UTF-8"?>
<!-- Generated by org.testng.reporters.JUnitReportReporter -->
<testsuite hostname="TDS-5CG1075Y48" failures="0" tests="23" name="testPackage.POSFunctionality" time="1439.937" errors="0" timestamp="2023-10-17T17:57:41 IST" skipped="0">
  <testcase classname="testPackage.POSFunctionality" name="readdata" time="2.487"/>
  <system-out/>
  <testcase classname="testPackage.POSFunctionality" name="server_auth" time="7.212"/>
  <system-out/>
  <testcase classname="testPackage.POSFunctionality" name="loginModule" time="12.365"/>
  <system-out/>
  <testcase classname="testPackage.POSFunctionality" name="patientModule" time="59.200"/>
  <system-out/>
  <testcase classname="testPackage.POSFunctionality" name="payorInsuranceModule" time="325.988"/>
  <system-out/>
  <testcase classname="testPackage.POSFunctionality" name="ServicePreferenceModule" time="21.011"/>
  <system-out/>
  <testcase classname="testPackage.POSFunctionality" name="allergyClinicalModule" time="0.006"/>
  <system-out/>
  <testcase classname="testPackage.POSFunctionality" name="vitalsClinicalModule" time="0.006"/>
  <system-out/>
  <testcase classname="testPackage.POSFunctionality" name="labsClinicalModule" time="0.016"/>
  <system-out/>
  <testcase classname="testPackage.POSFunctionality" name="socialHistoryClinicalModule" time="0.009"/>
  <system-out/>
  <testcase classname="testPackage.POSFunctionality" name="healthHistoryClinicalModule" time="0.010"/>
  <system-out/>
  <testcase classname="testPackage.POSFunctionality" name="medListClinicalModule" time="0.007"/>
  <system-out/>
  <testcase classname="testPackage.POSFunctionality" name="AddCaseModule" time="62.980"/>
  <system-out/>
  <testcase classname="testPackage.POSFunctionality" name="AddPrescription" time="95.337"/>
  <system-out/>
  <testcase classname="testPackage.POSFunctionality" name="caseBannerModule" time="0.011"/>
  <system-out/>
  <testcase classname="testPackage.POSFunctionality" name="preBIModule" time="54.791"/>
  <system-out/>
  <testcase classname="testPackage.POSFunctionality" name="AddConsentModule" time="143.326"/>
  <system-out/>
  <testcase classname="testPackage.POSFunctionality" name="PriorAuthorizationModule" time="60.138"/>
  <system-out/>
  <testcase classname="testPackage.POSFunctionality" name="AddAppealModule" time="146.399"/>
  <system-out/>
  <testcase classname="testPackage.POSFunctionality" name="CopayModule" time="93.743"/>
  <system-out/>
  <testcase classname="testPackage.POSFunctionality" name="AddFoundationModule" time="86.350"/>
  <system-out/>
  <testcase classname="testPackage.POSFunctionality" name="PostBI" time="48.617"/>
  <system-out/>
  <testcase classname="testPackage.POSFunctionality" name="pointOfSaleModule" time="219.928"/>
  <system-out/>
</testsuite> <!-- testPackage.POSFunctionality -->
