<?xml version="1.0" encoding="UTF-8"?>
<!-- Generated by org.testng.reporters.JUnitReportReporter -->
<testsuite hostname="TDS-5CG1075XXJ" failures="0" tests="9" name="testPackage.CaseBannerFunctionality" time="302.933" errors="0" timestamp="2023-08-17T12:42:24 IST" skipped="0">
  <testcase classname="testPackage.CaseBannerFunctionality" name="readdata" time="1.471"/>
  <system-out/>
  <testcase classname="testPackage.CaseBannerFunctionality" name="server_auth" time="7.970"/>
  <system-out/>
  <testcase classname="testPackage.CaseBannerFunctionality" name="loginModule" time="4.341"/>
  <system-out/>
  <testcase classname="testPackage.CaseBannerFunctionality" name="patientModule" time="50.439"/>
  <system-out/>
  <testcase classname="testPackage.CaseBannerFunctionality" name="payorInsuranceModule" time="0.009"/>
  <system-out/>
  <testcase classname="testPackage.CaseBannerFunctionality" name="ServicePreferenceModule" time="43.067"/>
  <system-out/>
  <testcase classname="testPackage.CaseBannerFunctionality" name="AddCaseModule" time="62.073"/>
  <system-out/>
  <testcase classname="testPackage.CaseBannerFunctionality" name="AddPrescription" time="95.222"/>
  <system-out/>
  <testcase classname="testPackage.CaseBannerFunctionality" name="caseBannerModule" time="38.341"/>
  <system-out/>
</testsuite> <!-- testPackage.CaseBannerFunctionality -->
