<?xml version="1.0" encoding="UTF-8"?>
<!-- Generated by org.testng.reporters.JUnitReportReporter -->
<testsuite hostname="TDS-5CG1075Y48" failures="0" tests="4" name="testPackage.PatientFunctionality" time="197.806" errors="0" timestamp="2023-10-19T12:15:41 IST" skipped="0">
  <testcase classname="testPackage.PatientFunctionality" name="readdata" time="1.572"/>
  <system-out/>
  <testcase classname="testPackage.PatientFunctionality" name="server_auth" time="6.560"/>
  <system-out/>
  <testcase classname="testPackage.PatientFunctionality" name="loginModule" time="25.177"/>
  <system-out/>
  <testcase classname="testPackage.PatientFunctionality" name="patientModule" time="164.497"/>
  <system-out/>
</testsuite> <!-- testPackage.PatientFunctionality -->
