<?xml version="1.0" encoding="UTF-8"?>
<!-- Generated by org.testng.reporters.JUnitReportReporter -->
<testsuite hostname="TDS-5CG1075Y48" failures="0" tests="4" name="testPackage.PostBiFunctionality" time="90.472" errors="0" timestamp="2023-10-23T17:21:29 IST" skipped="0">
  <testcase classname="testPackage.PostBiFunctionality" name="readdata" time="1.839"/>
  <system-out/>
  <testcase classname="testPackage.PostBiFunctionality" name="server_auth" time="6.747"/>
  <system-out/>
  <testcase classname="testPackage.PostBiFunctionality" name="loginModule" time="12.001"/>
  <system-out/>
  <testcase classname="testPackage.PostBiFunctionality" name="PostBI" time="69.885"/>
  <system-out/>
</testsuite> <!-- testPackage.PostBiFunctionality -->
