<?xml version="1.0" encoding="UTF-8"?>
<!-- Generated by org.testng.reporters.JUnitReportReporter -->
<testsuite hostname="TDS-5CG1075XXJ" failures="0" tests="2" name="stepDefinitions.StepsForFeature" time="8.279" errors="0" timestamp="2023-07-26T14:39:55 IST" skipped="0">
  <testcase classname="stepDefinitions.StepsForFeature" name="readdata" time="1.360"/>
  <system-out/>
  <testcase classname="stepDefinitions.StepsForFeature" name="server_auth" time="6.919"/>
  <system-out/>
</testsuite> <!-- stepDefinitions.StepsForFeature -->
