<?xml version="1.0" encoding="UTF-8"?>
<!-- Generated by org.testng.reporters.JUnitReportReporter -->
<testsuite hostname="TDS-5CG1075Y7F" failures="0" tests="5" name="testPackage.PayorFunctionality" time="92.240" errors="0" timestamp="2022-03-03T16:28:33 IST" skipped="0">
  <testcase classname="testPackage.PayorFunctionality" name="readdata" time="1.286"/>
  <system-out/>
  <testcase classname="testPackage.PayorFunctionality" name="server_auth" time="5.079"/>
  <system-out/>
  <testcase classname="testPackage.PayorFunctionality" name="loginModule" time="9.213"/>
  <system-out/>
  <testcase classname="testPackage.PayorFunctionality" name="patientModule" time="76.633"/>
  <system-out/>
  <testcase classname="testPackage.PayorFunctionality" name="payorModule" time="0.029"/>
  <system-out/>
</testsuite> <!-- testPackage.PayorFunctionality -->
