<?xml version="1.0" encoding="UTF-8"?>
<!-- Generated by org.testng.reporters.JUnitReportReporter -->
<testsuite hostname="TDS-5CG1075Y7F" failures="0" tests="3" name="loginPackage.LoginFunctionality" time="18.707" errors="0" timestamp="2022-02-24T17:57:52 IST" skipped="0">
  <testcase classname="loginPackage.LoginFunctionality" name="readdata" time="1.047"/>
  <system-out/>
  <testcase classname="loginPackage.LoginFunctionality" name="server_auth" time="7.076"/>
  <system-out/>
  <testcase classname="loginPackage.LoginFunctionality" name="loginModule" time="10.584"/>
  <system-out/>
</testsuite> <!-- loginPackage.LoginFunctionality -->
