<?xml version="1.0" encoding="UTF-8"?>
<!-- Generated by org.testng.reporters.JUnitReportReporter -->
<testsuite hostname="TDS-5CG1075Y7F" failures="0" tests="3" name="TestPackage.LoginFunctionality" time="14.643" errors="0" timestamp="2022-02-25T09:41:17 IST" skipped="0">
  <testcase classname="TestPackage.LoginFunctionality" name="readdata" time="1.069"/>
  <system-out/>
  <testcase classname="TestPackage.LoginFunctionality" name="server_auth" time="3.977"/>
  <system-out/>
  <testcase classname="TestPackage.LoginFunctionality" name="loginModule" time="9.597"/>
  <system-out/>
</testsuite> <!-- TestPackage.LoginFunctionality -->
